<?xml version="1.0" encoding="UTF-8"?>
<testsuite name="NumbersToWordsTest" tests="1" skipped="0" failures="0" errors="0" timestamp="2016-02-10T00:26:24" hostname="epicodus-61.local" time="0.001">
  <properties/>
  <testcase name="numbersToWords_returnsAWordForANumber_String" classname="NumbersToWordsTest" time="0.001"/>
  <system-out><![CDATA[]]></system-out>
  <system-err><![CDATA[]]></system-err>
</testsuite>
